Using pre-set license
Built from '2020.2/staging' branch; Version is '2020.2.6f1 (8a2143876886) revision 9052483'; Using compiler version '192528614'; Build Type 'Release'
OS: 'Windows 10 Home; OS build 19041.867; Version 2004; 64bit' Language: 'en' Physical Memory: 16267 MB
BatchMode: 1, IsHumanControllingUs: 0, StartBugReporterOnCrash: 0, Is64bit: 1, IsPro: 0

 COMMAND LINE ARGUMENTS:
D:\Program Files\Unity2020\2020.2.6f1\Editor\Unity.exe
-adb2
-batchMode
-noUpm
-name
AssetImportWorker1
-projectPath
C:/Users/mikem/Documents/GitHub/Gumdrops/Gumdrops
-logFile
Logs/AssetImportWorker1.log
-srvPort
62422
Successfully changed project path to: C:/Users/mikem/Documents/GitHub/Gumdrops/Gumdrops
C:/Users/mikem/Documents/GitHub/Gumdrops/Gumdrops
Using Asset Import Pipeline V2.
Refreshing native plugins compatible for Editor in 48.74 ms, found 1 plugins.
Preloading 0 native plugins for Editor in 0.00 ms.
Initialize engine version: 2020.2.6f1 (8a2143876886)
[Subsystems] Discovering subsystems at path D:/Program Files/Unity2020/2020.2.6f1/Editor/Data/Resources/UnitySubsystems
[Subsystems] Discovering subsystems at path C:/Users/mikem/Documents/GitHub/Gumdrops/Gumdrops/Assets
GfxDevice: creating device client; threaded=0
Direct3D:
    Version:  Direct3D 11.0 [level 11.1]
    Renderer: NVIDIA GeForce GTX 1060 (ID=0x1c20)
    Vendor:   
    VRAM:     6052 MB
    Driver:   25.21.14.1972
Initialize mono
Mono path[0] = 'D:/Program Files/Unity2020/2020.2.6f1/Editor/Data/Managed'
Mono path[1] = 'D:/Program Files/Unity2020/2020.2.6f1/Editor/Data/MonoBleedingEdge/lib/mono/unityjit'
Mono config path = 'D:/Program Files/Unity2020/2020.2.6f1/Editor/Data/MonoBleedingEdge/etc'
Using monoOptions --debugger-agent=transport=dt_socket,embedding=1,server=y,suspend=n,address=127.0.0.1:56148
Begin MonoManager ReloadAssembly
Registering precompiled unity dll's ...
Register platform support module: D:/Program Files/Unity2020/2020.2.6f1/Editor/Data/PlaybackEngines/WindowsStandaloneSupport/UnityEditor.WindowsStandalone.Extensions.dll
Registered in 0.001519 seconds.
Native extension for WindowsStandalone target not found
Refreshing native plugins compatible for Editor in 42.44 ms, found 1 plugins.
Preloading 0 native plugins for Editor in 0.00 ms.
Invoked RoslynAnalysisRunner static constructor.
RoslynAnalysisRunner will not be running.
RoslynAnalysisRunner has terminated.
Mono: successfully reloaded assembly
- Completed reload, in  2.761 seconds
Platform modules already initialized, skipping
Registering precompiled user dll's ...
Registered in 0.001015 seconds.
Begin MonoManager ReloadAssembly
Native extension for WindowsStandalone target not found
Refreshing native plugins compatible for Editor in 41.40 ms, found 1 plugins.
Preloading 0 native plugins for Editor in 0.00 ms.
Invoked RoslynAnalysisRunner static constructor.
RoslynAnalysisRunner will not be running.
RoslynAnalysisRunner has terminated.
Mono: successfully reloaded assembly
- Completed reload, in  3.547 seconds
Platform modules already initialized, skipping
========================================================================
Worker process is ready to serve import requests
Launched and connected shader compiler UnityShaderCompiler.exe after 0.15 seconds
Refreshing native plugins compatible for Editor in 0.59 ms, found 1 plugins.
Preloading 0 native plugins for Editor in 0.00 ms.
Unloading 1828 Unused Serialized files (Serialized files now loaded: 0)
System memory in use before: 87.0 MB.
System memory in use after: 86.9 MB.

Unloading 24 unused Assets to reduce memory usage. Loaded Objects now: 2272.
Total: 2.144000 ms (FindLiveObjects: 0.215400 ms CreateObjectMapping: 0.117400 ms MarkObjects: 1.621400 ms  DeleteObjects: 0.188300 ms)

========================================================================
Received Import Request.
  path: Assets/Scripts/Gumdrop.cs
  artifactKey: Guid(c51b96458b83f284aa29a548b7883832) Importer(815301076,1909f56bfc062723c751e8b465ee728b)
Start importing Assets/Scripts/Gumdrop.cs using Guid(c51b96458b83f284aa29a548b7883832) Importer(815301076,1909f56bfc062723c751e8b465ee728b)  -> (artifact id: '2bea78be722698fde82c901bed25d4de') in 0.044280 seconds
  Import took 0.047436 seconds .

========================================================================
Received Prepare
Registering precompiled user dll's ...
Registered in 0.001227 seconds.
Begin MonoManager ReloadAssembly
Native extension for WindowsStandalone target not found
Refreshing native plugins compatible for Editor in 0.47 ms, found 1 plugins.
Preloading 0 native plugins for Editor in 0.00 ms.
Invoked RoslynAnalysisRunner static constructor.
RoslynAnalysisRunner will not be running.
RoslynAnalysisRunner has terminated.
Mono: successfully reloaded assembly
- Completed reload, in  1.110 seconds
Platform modules already initialized, skipping
Switching build target platform(5) subTarget(0) extendedPlatform(0) -> platform(13) subTarget(537395200) extendedPlatform(0)
Refreshing native plugins compatible for Editor in 0.39 ms, found 1 plugins.
Preloading 0 native plugins for Editor in 0.00 ms.
Unloading 1813 Unused Serialized files (Serialized files now loaded: 0)
System memory in use before: 85.7 MB.
System memory in use after: 85.7 MB.

Unloading 12 unused Assets to reduce memory usage. Loaded Objects now: 2275.
Total: 2.779400 ms (FindLiveObjects: 0.197900 ms CreateObjectMapping: 0.077900 ms MarkObjects: 2.381000 ms  DeleteObjects: 0.121200 ms)

AssetImportParameters requested are different than current active one (requested -> active):
  custom:graphics/normal-map-encoding: 01000000000000000000000000000000 -> 02000000000000000000000000000000
========================================================================
Received Import Request.
  Time since last request: 1083.271901 seconds.
  path: Assets/Scripts/Gumdrop.cs
  artifactKey: Guid(c51b96458b83f284aa29a548b7883832) Importer(815301076,1909f56bfc062723c751e8b465ee728b)
Start importing Assets/Scripts/Gumdrop.cs using Guid(c51b96458b83f284aa29a548b7883832) Importer(815301076,1909f56bfc062723c751e8b465ee728b)  -> (artifact id: 'c13fb8f840b4109dcc0f7bed907b2dd2') in 0.018974 seconds
  Import took 0.024783 seconds .

========================================================================
Received Import Request.
  Time since last request: 0.000706 seconds.
  path: Assets/Scripts/Gumdrop.cs
  artifactKey: Guid(c51b96458b83f284aa29a548b7883832) Importer(815301076,1909f56bfc062723c751e8b465ee728b)
Start importing Assets/Scripts/Gumdrop.cs using Guid(c51b96458b83f284aa29a548b7883832) Importer(815301076,1909f56bfc062723c751e8b465ee728b)  -> (artifact id: 'c13fb8f840b4109dcc0f7bed907b2dd2') in 0.006063 seconds
  Import took 0.011677 seconds .

========================================================================
Received Prepare
Registering precompiled user dll's ...
Registered in 0.001744 seconds.
Begin MonoManager ReloadAssembly
Native extension for WindowsStandalone target not found
Refreshing native plugins compatible for Editor in 0.34 ms, found 1 plugins.
Preloading 0 native plugins for Editor in 0.00 ms.
Invoked RoslynAnalysisRunner static constructor.
RoslynAnalysisRunner will not be running.
RoslynAnalysisRunner has terminated.
Mono: successfully reloaded assembly
- Completed reload, in  1.083 seconds
Platform modules already initialized, skipping
Switching build target platform(5) subTarget(0) extendedPlatform(0) -> platform(13) subTarget(537395200) extendedPlatform(0)
Refreshing native plugins compatible for Editor in 0.34 ms, found 1 plugins.
Preloading 0 native plugins for Editor in 0.00 ms.
Unloading 1813 Unused Serialized files (Serialized files now loaded: 0)
System memory in use before: 85.8 MB.
System memory in use after: 85.8 MB.

Unloading 12 unused Assets to reduce memory usage. Loaded Objects now: 2278.
Total: 2.851700 ms (FindLiveObjects: 0.299100 ms CreateObjectMapping: 0.117800 ms MarkObjects: 2.283300 ms  DeleteObjects: 0.150200 ms)

AssetImportParameters requested are different than current active one (requested -> active):
  custom:graphics/normal-map-encoding: 01000000000000000000000000000000 -> 02000000000000000000000000000000
========================================================================
Received Prepare
Registering precompiled user dll's ...
Registered in 0.001064 seconds.
Begin MonoManager ReloadAssembly
Native extension for WindowsStandalone target not found
Refreshing native plugins compatible for Editor in 0.35 ms, found 1 plugins.
Preloading 0 native plugins for Editor in 0.00 ms.
Invoked RoslynAnalysisRunner static constructor.
RoslynAnalysisRunner will not be running.
RoslynAnalysisRunner has terminated.
Mono: successfully reloaded assembly
- Completed reload, in  0.939 seconds
Platform modules already initialized, skipping
Switching build target platform(5) subTarget(0) extendedPlatform(0) -> platform(13) subTarget(537395200) extendedPlatform(0)
Refreshing native plugins compatible for Editor in 0.37 ms, found 1 plugins.
Preloading 0 native plugins for Editor in 0.00 ms.
Unloading 1813 Unused Serialized files (Serialized files now loaded: 0)
System memory in use before: 85.8 MB.
System memory in use after: 85.8 MB.

Unloading 12 unused Assets to reduce memory usage. Loaded Objects now: 2281.
Total: 3.242300 ms (FindLiveObjects: 0.457900 ms CreateObjectMapping: 0.091900 ms MarkObjects: 2.511300 ms  DeleteObjects: 0.179800 ms)

AssetImportParameters requested are different than current active one (requested -> active):
  custom:graphics/normal-map-encoding: 01000000000000000000000000000000 -> 02000000000000000000000000000000
========================================================================
Received Prepare
Registering precompiled user dll's ...
Registered in 0.001987 seconds.
Begin MonoManager ReloadAssembly
Native extension for WindowsStandalone target not found
Refreshing native plugins compatible for Editor in 0.39 ms, found 1 plugins.
Preloading 0 native plugins for Editor in 0.00 ms.
Invoked RoslynAnalysisRunner static constructor.
RoslynAnalysisRunner will not be running.
RoslynAnalysisRunner has terminated.
Mono: successfully reloaded assembly
- Completed reload, in  1.201 seconds
Platform modules already initialized, skipping
Switching build target platform(5) subTarget(0) extendedPlatform(0) -> platform(13) subTarget(537395200) extendedPlatform(0)
Refreshing native plugins compatible for Editor in 0.35 ms, found 1 plugins.
Preloading 0 native plugins for Editor in 0.00 ms.
Unloading 1813 Unused Serialized files (Serialized files now loaded: 0)
System memory in use before: 85.8 MB.
System memory in use after: 85.8 MB.

Unloading 12 unused Assets to reduce memory usage. Loaded Objects now: 2284.
Total: 2.426700 ms (FindLiveObjects: 0.228100 ms CreateObjectMapping: 0.064000 ms MarkObjects: 2.022300 ms  DeleteObjects: 0.111200 ms)

AssetImportParameters requested are different than current active one (requested -> active):
  custom:graphics/normal-map-encoding: 01000000000000000000000000000000 -> 02000000000000000000000000000000
========================================================================
Received Prepare
Registering precompiled user dll's ...
Registered in 0.001015 seconds.
Begin MonoManager ReloadAssembly
Native extension for WindowsStandalone target not found
Refreshing native plugins compatible for Editor in 0.33 ms, found 1 plugins.
Preloading 0 native plugins for Editor in 0.00 ms.
Invoked RoslynAnalysisRunner static constructor.
RoslynAnalysisRunner will not be running.
RoslynAnalysisRunner has terminated.
Mono: successfully reloaded assembly
- Completed reload, in  0.996 seconds
Platform modules already initialized, skipping
Switching build target platform(5) subTarget(0) extendedPlatform(0) -> platform(13) subTarget(537395200) extendedPlatform(0)
Refreshing native plugins compatible for Editor in 0.34 ms, found 1 plugins.
Preloading 0 native plugins for Editor in 0.00 ms.
Unloading 1813 Unused Serialized files (Serialized files now loaded: 0)
System memory in use before: 85.8 MB.
System memory in use after: 85.8 MB.

Unloading 12 unused Assets to reduce memory usage. Loaded Objects now: 2287.
Total: 2.450300 ms (FindLiveObjects: 0.363900 ms CreateObjectMapping: 0.085800 ms MarkObjects: 1.846300 ms  DeleteObjects: 0.153400 ms)

AssetImportParameters requested are different than current active one (requested -> active):
  custom:graphics/normal-map-encoding: 01000000000000000000000000000000 -> 02000000000000000000000000000000
========================================================================
Received Prepare
Registering precompiled user dll's ...
Registered in 0.001233 seconds.
Begin MonoManager ReloadAssembly
Native extension for WindowsStandalone target not found
Refreshing native plugins compatible for Editor in 0.39 ms, found 1 plugins.
Preloading 0 native plugins for Editor in 0.00 ms.
Invoked RoslynAnalysisRunner static constructor.
RoslynAnalysisRunner will not be running.
RoslynAnalysisRunner has terminated.
Mono: successfully reloaded assembly
- Completed reload, in  1.207 seconds
Platform modules already initialized, skipping
Switching build target platform(5) subTarget(0) extendedPlatform(0) -> platform(13) subTarget(537395200) extendedPlatform(0)
Refreshing native plugins compatible for Editor in 0.44 ms, found 1 plugins.
Preloading 0 native plugins for Editor in 0.00 ms.
Unloading 1813 Unused Serialized files (Serialized files now loaded: 0)
System memory in use before: 85.8 MB.
System memory in use after: 85.8 MB.

Unloading 12 unused Assets to reduce memory usage. Loaded Objects now: 2290.
Total: 3.342100 ms (FindLiveObjects: 0.431800 ms CreateObjectMapping: 0.270100 ms MarkObjects: 2.431800 ms  DeleteObjects: 0.206000 ms)

AssetImportParameters requested are different than current active one (requested -> active):
  custom:graphics/normal-map-encoding: 01000000000000000000000000000000 -> 02000000000000000000000000000000
========================================================================
Received Prepare
Registering precompiled user dll's ...
Registered in 0.001699 seconds.
Begin MonoManager ReloadAssembly
Native extension for WindowsStandalone target not found
Refreshing native plugins compatible for Editor in 0.34 ms, found 1 plugins.
Preloading 0 native plugins for Editor in 0.00 ms.
Invoked RoslynAnalysisRunner static constructor.
RoslynAnalysisRunner will not be running.
RoslynAnalysisRunner has terminated.
Mono: successfully reloaded assembly
- Completed reload, in  0.972 seconds
Platform modules already initialized, skipping
Switching build target platform(5) subTarget(0) extendedPlatform(0) -> platform(13) subTarget(537395200) extendedPlatform(0)
Refreshing native plugins compatible for Editor in 0.34 ms, found 1 plugins.
Preloading 0 native plugins for Editor in 0.00 ms.
Unloading 1813 Unused Serialized files (Serialized files now loaded: 0)
System memory in use before: 85.8 MB.
System memory in use after: 85.8 MB.

Unloading 12 unused Assets to reduce memory usage. Loaded Objects now: 2293.
Total: 2.550500 ms (FindLiveObjects: 0.373900 ms CreateObjectMapping: 0.076400 ms MarkObjects: 1.947000 ms  DeleteObjects: 0.152400 ms)

AssetImportParameters requested are different than current active one (requested -> active):
  custom:graphics/normal-map-encoding: 01000000000000000000000000000000 -> 02000000000000000000000000000000
========================================================================
Received Prepare
Registering precompiled user dll's ...
Registered in 0.001199 seconds.
Begin MonoManager ReloadAssembly
Native extension for WindowsStandalone target not found
Refreshing native plugins compatible for Editor in 0.40 ms, found 1 plugins.
Preloading 0 native plugins for Editor in 0.00 ms.
Invoked RoslynAnalysisRunner static constructor.
RoslynAnalysisRunner will not be running.
RoslynAnalysisRunner has terminated.
Mono: successfully reloaded assembly
- Completed reload, in  1.076 seconds
Platform modules already initialized, skipping
Switching build target platform(5) subTarget(0) extendedPlatform(0) -> platform(13) subTarget(537395200) extendedPlatform(0)
Refreshing native plugins compatible for Editor in 0.39 ms, found 1 plugins.
Preloading 0 native plugins for Editor in 0.00 ms.
Unloading 1813 Unused Serialized files (Serialized files now loaded: 0)
System memory in use before: 85.8 MB.
System memory in use after: 85.8 MB.

Unloading 12 unused Assets to reduce memory usage. Loaded Objects now: 2296.
Total: 2.966800 ms (FindLiveObjects: 0.330200 ms CreateObjectMapping: 0.096100 ms MarkObjects: 2.410800 ms  DeleteObjects: 0.128200 ms)

AssetImportParameters requested are different than current active one (requested -> active):
  custom:graphics/normal-map-encoding: 01000000000000000000000000000000 -> 02000000000000000000000000000000
========================================================================
Received Prepare
Registering precompiled user dll's ...
Registered in 0.001058 seconds.
Begin MonoManager ReloadAssembly
Native extension for WindowsStandalone target not found
Refreshing native plugins compatible for Editor in 0.34 ms, found 1 plugins.
Preloading 0 native plugins for Editor in 0.00 ms.
Invoked RoslynAnalysisRunner static constructor.
RoslynAnalysisRunner will not be running.
RoslynAnalysisRunner has terminated.
Mono: successfully reloaded assembly
- Completed reload, in  0.945 seconds
Platform modules already initialized, skipping
Switching build target platform(5) subTarget(0) extendedPlatform(0) -> platform(13) subTarget(537395200) extendedPlatform(0)
Refreshing native plugins compatible for Editor in 0.38 ms, found 1 plugins.
Preloading 0 native plugins for Editor in 0.00 ms.
Unloading 1813 Unused Serialized files (Serialized files now loaded: 0)
System memory in use before: 85.8 MB.
System memory in use after: 85.8 MB.

Unloading 12 unused Assets to reduce memory usage. Loaded Objects now: 2299.
Total: 2.517300 ms (FindLiveObjects: 0.184500 ms CreateObjectMapping: 0.068500 ms MarkObjects: 2.117600 ms  DeleteObjects: 0.145700 ms)

AssetImportParameters requested are different than current active one (requested -> active):
  custom:graphics/normal-map-encoding: 01000000000000000000000000000000 -> 02000000000000000000000000000000
========================================================================
Received Prepare
Registering precompiled user dll's ...
Registered in 0.001033 seconds.
Begin MonoManager ReloadAssembly
Native extension for WindowsStandalone target not found
Refreshing native plugins compatible for Editor in 0.40 ms, found 1 plugins.
Preloading 0 native plugins for Editor in 0.00 ms.
Invoked RoslynAnalysisRunner static constructor.
RoslynAnalysisRunner will not be running.
RoslynAnalysisRunner has terminated.
Mono: successfully reloaded assembly
- Completed reload, in  1.141 seconds
Platform modules already initialized, skipping
Switching build target platform(5) subTarget(0) extendedPlatform(0) -> platform(13) subTarget(537395200) extendedPlatform(0)
Refreshing native plugins compatible for Editor in 0.63 ms, found 1 plugins.
Preloading 0 native plugins for Editor in 0.00 ms.
Unloading 1813 Unused Serialized files (Serialized files now loaded: 0)
System memory in use before: 85.9 MB.
System memory in use after: 85.8 MB.

Unloading 12 unused Assets to reduce memory usage. Loaded Objects now: 2302.
Total: 3.456300 ms (FindLiveObjects: 0.245100 ms CreateObjectMapping: 0.094300 ms MarkObjects: 2.940000 ms  DeleteObjects: 0.175300 ms)

AssetImportParameters requested are different than current active one (requested -> active):
  custom:graphics/normal-map-encoding: 01000000000000000000000000000000 -> 02000000000000000000000000000000
========================================================================
Received Prepare
Registering precompiled user dll's ...
Registered in 0.001025 seconds.
Begin MonoManager ReloadAssembly
Native extension for WindowsStandalone target not found
Refreshing native plugins compatible for Editor in 0.33 ms, found 1 plugins.
Preloading 0 native plugins for Editor in 0.00 ms.
Invoked RoslynAnalysisRunner static constructor.
RoslynAnalysisRunner will not be running.
RoslynAnalysisRunner has terminated.
Mono: successfully reloaded assembly
- Completed reload, in  0.944 seconds
Platform modules already initialized, skipping
Switching build target platform(5) subTarget(0) extendedPlatform(0) -> platform(13) subTarget(537395200) extendedPlatform(0)
Refreshing native plugins compatible for Editor in 0.36 ms, found 1 plugins.
Preloading 0 native plugins for Editor in 0.00 ms.
Unloading 1813 Unused Serialized files (Serialized files now loaded: 0)
System memory in use before: 85.9 MB.
System memory in use after: 85.9 MB.

Unloading 12 unused Assets to reduce memory usage. Loaded Objects now: 2305.
Total: 2.714300 ms (FindLiveObjects: 0.291500 ms CreateObjectMapping: 0.077800 ms MarkObjects: 2.187900 ms  DeleteObjects: 0.156100 ms)

AssetImportParameters requested are different than current active one (requested -> active):
  custom:graphics/normal-map-encoding: 01000000000000000000000000000000 -> 02000000000000000000000000000000
========================================================================
Received Prepare
Registering precompiled user dll's ...
Registered in 0.001372 seconds.
Begin MonoManager ReloadAssembly
Native extension for WindowsStandalone target not found
Refreshing native plugins compatible for Editor in 0.39 ms, found 1 plugins.
Preloading 0 native plugins for Editor in 0.00 ms.
Invoked RoslynAnalysisRunner static constructor.
RoslynAnalysisRunner will not be running.
RoslynAnalysisRunner has terminated.
Mono: successfully reloaded assembly
- Completed reload, in  1.254 seconds
Platform modules already initialized, skipping
Switching build target platform(5) subTarget(0) extendedPlatform(0) -> platform(13) subTarget(537395200) extendedPlatform(0)
Refreshing native plugins compatible for Editor in 0.38 ms, found 1 plugins.
Preloading 0 native plugins for Editor in 0.00 ms.
Unloading 1813 Unused Serialized files (Serialized files now loaded: 0)
System memory in use before: 85.9 MB.
System memory in use after: 85.9 MB.

Unloading 12 unused Assets to reduce memory usage. Loaded Objects now: 2308.
Total: 2.455800 ms (FindLiveObjects: 0.264100 ms CreateObjectMapping: 0.119600 ms MarkObjects: 1.944000 ms  DeleteObjects: 0.126600 ms)

AssetImportParameters requested are different than current active one (requested -> active):
  custom:graphics/normal-map-encoding: 01000000000000000000000000000000 -> 02000000000000000000000000000000
========================================================================
Received Prepare
Registering precompiled user dll's ...
Registered in 0.001381 seconds.
Begin MonoManager ReloadAssembly
Native extension for WindowsStandalone target not found
Refreshing native plugins compatible for Editor in 0.65 ms, found 1 plugins.
Preloading 0 native plugins for Editor in 0.00 ms.
Invoked RoslynAnalysisRunner static constructor.
RoslynAnalysisRunner will not be running.
RoslynAnalysisRunner has terminated.
Mono: successfully reloaded assembly
- Completed reload, in  1.082 seconds
Platform modules already initialized, skipping
Switching build target platform(5) subTarget(0) extendedPlatform(0) -> platform(13) subTarget(537395200) extendedPlatform(0)
Refreshing native plugins compatible for Editor in 0.40 ms, found 1 plugins.
Preloading 0 native plugins for Editor in 0.00 ms.
Unloading 1813 Unused Serialized files (Serialized files now loaded: 0)
System memory in use before: 85.9 MB.
System memory in use after: 85.9 MB.

Unloading 12 unused Assets to reduce memory usage. Loaded Objects now: 2311.
Total: 2.842700 ms (FindLiveObjects: 0.237100 ms CreateObjectMapping: 0.150100 ms MarkObjects: 2.326600 ms  DeleteObjects: 0.127700 ms)

AssetImportParameters requested are different than current active one (requested -> active):
  custom:graphics/normal-map-encoding: 01000000000000000000000000000000 -> 02000000000000000000000000000000
========================================================================
Received Prepare
Registering precompiled user dll's ...
Registered in 0.001100 seconds.
Begin MonoManager ReloadAssembly
Native extension for WindowsStandalone target not found
Refreshing native plugins compatible for Editor in 0.39 ms, found 1 plugins.
Preloading 0 native plugins for Editor in 0.00 ms.
Invoked RoslynAnalysisRunner static constructor.
RoslynAnalysisRunner will not be running.
RoslynAnalysisRunner has terminated.
Mono: successfully reloaded assembly
- Completed reload, in  1.214 seconds
Platform modules already initialized, skipping
Switching build target platform(5) subTarget(0) extendedPlatform(0) -> platform(13) subTarget(537395200) extendedPlatform(0)
Refreshing native plugins compatible for Editor in 0.40 ms, found 1 plugins.
Preloading 0 native plugins for Editor in 0.00 ms.
Unloading 1813 Unused Serialized files (Serialized files now loaded: 0)
System memory in use before: 85.9 MB.
System memory in use after: 85.9 MB.

Unloading 12 unused Assets to reduce memory usage. Loaded Objects now: 2314.
Total: 2.639400 ms (FindLiveObjects: 0.311800 ms CreateObjectMapping: 0.119700 ms MarkObjects: 2.077100 ms  DeleteObjects: 0.129500 ms)

AssetImportParameters requested are different than current active one (requested -> active):
  custom:graphics/normal-map-encoding: 01000000000000000000000000000000 -> 02000000000000000000000000000000
========================================================================
Received Import Request.
  Time since last request: 1059.113016 seconds.
  path: Assets/Prefabs/Gumdrop.prefab
  artifactKey: Guid(11d1c2d2c5fac16408b2ee5c9fbe73a8) Importer(815301076,1909f56bfc062723c751e8b465ee728b)
Start importing Assets/Prefabs/Gumdrop.prefab using Guid(11d1c2d2c5fac16408b2ee5c9fbe73a8) Importer(815301076,1909f56bfc062723c751e8b465ee728b)  -> (artifact id: 'ad2a88a873dbd73b4918bf03c66c9e28') in 0.292655 seconds
  Import took 0.297038 seconds .

========================================================================
Received Import Request.
  Time since last request: 0.002842 seconds.
  path: Assets/Prefabs/Gumdrop.prefab
  artifactKey: Guid(11d1c2d2c5fac16408b2ee5c9fbe73a8) Importer(815301076,1909f56bfc062723c751e8b465ee728b)
Start importing Assets/Prefabs/Gumdrop.prefab using Guid(11d1c2d2c5fac16408b2ee5c9fbe73a8) Importer(815301076,1909f56bfc062723c751e8b465ee728b)  -> (artifact id: 'ad2a88a873dbd73b4918bf03c66c9e28') in 0.022481 seconds
  Import took 0.026718 seconds .

========================================================================
Received Prepare
Registering precompiled user dll's ...
Registered in 0.001089 seconds.
Begin MonoManager ReloadAssembly
Native extension for WindowsStandalone target not found
Refreshing native plugins compatible for Editor in 0.37 ms, found 1 plugins.
Preloading 0 native plugins for Editor in 0.00 ms.
Invoked RoslynAnalysisRunner static constructor.
RoslynAnalysisRunner will not be running.
RoslynAnalysisRunner has terminated.
Mono: successfully reloaded assembly
- Completed reload, in  1.002 seconds
Platform modules already initialized, skipping
Switching build target platform(5) subTarget(0) extendedPlatform(0) -> platform(13) subTarget(537395200) extendedPlatform(0)
Refreshing native plugins compatible for Editor in 0.62 ms, found 1 plugins.
Preloading 0 native plugins for Editor in 0.00 ms.
Unloading 1813 Unused Serialized files (Serialized files now loaded: 0)
System memory in use before: 89.0 MB.
System memory in use after: 89.0 MB.

Unloading 12 unused Assets to reduce memory usage. Loaded Objects now: 2324.
Total: 2.403000 ms (FindLiveObjects: 0.387100 ms CreateObjectMapping: 0.151700 ms MarkObjects: 1.706600 ms  DeleteObjects: 0.156900 ms)

AssetImportParameters requested are different than current active one (requested -> active):
  custom:graphics/normal-map-encoding: 01000000000000000000000000000000 -> 02000000000000000000000000000000
========================================================================
Received Prepare
Registering precompiled user dll's ...
Registered in 0.001133 seconds.
Begin MonoManager ReloadAssembly
Native extension for WindowsStandalone target not found
Refreshing native plugins compatible for Editor in 0.39 ms, found 1 plugins.
Preloading 0 native plugins for Editor in 0.00 ms.
Invoked RoslynAnalysisRunner static constructor.
RoslynAnalysisRunner will not be running.
RoslynAnalysisRunner has terminated.
Mono: successfully reloaded assembly
- Completed reload, in  1.166 seconds
Platform modules already initialized, skipping
Switching build target platform(5) subTarget(0) extendedPlatform(0) -> platform(13) subTarget(537395200) extendedPlatform(0)
Refreshing native plugins compatible for Editor in 0.40 ms, found 1 plugins.
Preloading 0 native plugins for Editor in 0.00 ms.
Unloading 1813 Unused Serialized files (Serialized files now loaded: 0)
System memory in use before: 89.0 MB.
System memory in use after: 89.0 MB.

Unloading 12 unused Assets to reduce memory usage. Loaded Objects now: 2327.
Total: 2.977700 ms (FindLiveObjects: 0.349800 ms CreateObjectMapping: 0.148400 ms MarkObjects: 2.347900 ms  DeleteObjects: 0.130200 ms)

AssetImportParameters requested are different than current active one (requested -> active):
  custom:graphics/normal-map-encoding: 01000000000000000000000000000000 -> 02000000000000000000000000000000
========================================================================
Received Import Request.
  Time since last request: 71.004019 seconds.
  path: Assets/Prefabs/Gumdrop.prefab
  artifactKey: Guid(11d1c2d2c5fac16408b2ee5c9fbe73a8) Importer(815301076,1909f56bfc062723c751e8b465ee728b)
Start importing Assets/Prefabs/Gumdrop.prefab using Guid(11d1c2d2c5fac16408b2ee5c9fbe73a8) Importer(815301076,1909f56bfc062723c751e8b465ee728b)  -> (artifact id: '88b99bb1a683fc469fd410647708f69b') in 0.077081 seconds
  Import took 0.080891 seconds .

========================================================================
Received Prepare
Registering precompiled user dll's ...
Registered in 0.001115 seconds.
Begin MonoManager ReloadAssembly
Native extension for WindowsStandalone target not found
Refreshing native plugins compatible for Editor in 0.39 ms, found 1 plugins.
Preloading 0 native plugins for Editor in 0.00 ms.
Invoked RoslynAnalysisRunner static constructor.
RoslynAnalysisRunner will not be running.
RoslynAnalysisRunner has terminated.
Mono: successfully reloaded assembly
- Completed reload, in  1.214 seconds
Platform modules already initialized, skipping
Switching build target platform(5) subTarget(0) extendedPlatform(0) -> platform(13) subTarget(537395200) extendedPlatform(0)
Refreshing native plugins compatible for Editor in 0.38 ms, found 1 plugins.
Preloading 0 native plugins for Editor in 0.00 ms.
Unloading 1813 Unused Serialized files (Serialized files now loaded: 0)
System memory in use before: 89.0 MB.
System memory in use after: 89.0 MB.

Unloading 12 unused Assets to reduce memory usage. Loaded Objects now: 2331.
Total: 2.829800 ms (FindLiveObjects: 0.220700 ms CreateObjectMapping: 0.095000 ms MarkObjects: 2.381000 ms  DeleteObjects: 0.132100 ms)

AssetImportParameters requested are different than current active one (requested -> active):
  custom:graphics/normal-map-encoding: 01000000000000000000000000000000 -> 02000000000000000000000000000000
========================================================================
Received Import Request.
  Time since last request: 42.611872 seconds.
  path: Assets/Prefabs/Gumdrop.prefab
  artifactKey: Guid(11d1c2d2c5fac16408b2ee5c9fbe73a8) Importer(815301076,1909f56bfc062723c751e8b465ee728b)
Start importing Assets/Prefabs/Gumdrop.prefab using Guid(11d1c2d2c5fac16408b2ee5c9fbe73a8) Importer(815301076,1909f56bfc062723c751e8b465ee728b)  -> (artifact id: '11af5b8a7bcd36413324ac3e4b49f4df') in 0.085313 seconds
  Import took 0.089243 seconds .

========================================================================
Received Import Request.
  Time since last request: 0.699294 seconds.
  path: Assets/Prefabs/Gumdrop.prefab
  artifactKey: Guid(11d1c2d2c5fac16408b2ee5c9fbe73a8) Importer(815301076,1909f56bfc062723c751e8b465ee728b)
Start importing Assets/Prefabs/Gumdrop.prefab using Guid(11d1c2d2c5fac16408b2ee5c9fbe73a8) Importer(815301076,1909f56bfc062723c751e8b465ee728b)  -> (artifact id: '5143ae0ebcb8b210b80845e514ee4193') in 0.021647 seconds
  Import took 0.025825 seconds .

========================================================================
Received Import Request.
  Time since last request: 0.013068 seconds.
  path: Assets/Prefabs/Gumdrop.prefab
  artifactKey: Guid(11d1c2d2c5fac16408b2ee5c9fbe73a8) Importer(815301076,1909f56bfc062723c751e8b465ee728b)
Start importing Assets/Prefabs/Gumdrop.prefab using Guid(11d1c2d2c5fac16408b2ee5c9fbe73a8) Importer(815301076,1909f56bfc062723c751e8b465ee728b)  -> (artifact id: '5143ae0ebcb8b210b80845e514ee4193') in 0.021391 seconds
  Import took 0.025602 seconds .

========================================================================
Received Import Request.
  Time since last request: 2.513824 seconds.
  path: Assets/Prefabs/Gumdrop.prefab
  artifactKey: Guid(11d1c2d2c5fac16408b2ee5c9fbe73a8) Importer(815301076,1909f56bfc062723c751e8b465ee728b)
Start importing Assets/Prefabs/Gumdrop.prefab using Guid(11d1c2d2c5fac16408b2ee5c9fbe73a8) Importer(815301076,1909f56bfc062723c751e8b465ee728b)  -> (artifact id: 'e95ea1a71295adc01261d8d8796bbfec') in 0.022768 seconds
  Import took 0.026787 seconds .

========================================================================
Received Import Request.
  Time since last request: 0.014380 seconds.
  path: Assets/Prefabs/Gumdrop.prefab
  artifactKey: Guid(11d1c2d2c5fac16408b2ee5c9fbe73a8) Importer(815301076,1909f56bfc062723c751e8b465ee728b)
Start importing Assets/Prefabs/Gumdrop.prefab using Guid(11d1c2d2c5fac16408b2ee5c9fbe73a8) Importer(815301076,1909f56bfc062723c751e8b465ee728b)  -> (artifact id: 'e95ea1a71295adc01261d8d8796bbfec') in 0.025845 seconds
  Import took 0.029455 seconds .

========================================================================
Received Prepare
Registering precompiled user dll's ...
Registered in 0.001430 seconds.
Begin MonoManager ReloadAssembly
Native extension for WindowsStandalone target not found
Refreshing native plugins compatible for Editor in 0.39 ms, found 1 plugins.
Preloading 0 native plugins for Editor in 0.00 ms.
Invoked RoslynAnalysisRunner static constructor.
RoslynAnalysisRunner will not be running.
RoslynAnalysisRunner has terminated.
Mono: successfully reloaded assembly
- Completed reload, in  1.196 seconds
Platform modules already initialized, skipping
Switching build target platform(5) subTarget(0) extendedPlatform(0) -> platform(13) subTarget(537395200) extendedPlatform(0)
Refreshing native plugins compatible for Editor in 0.40 ms, found 1 plugins.
Preloading 0 native plugins for Editor in 0.00 ms.
Unloading 1813 Unused Serialized files (Serialized files now loaded: 0)
System memory in use before: 89.0 MB.
System memory in use after: 89.0 MB.

Unloading 12 unused Assets to reduce memory usage. Loaded Objects now: 2335.
Total: 3.007000 ms (FindLiveObjects: 0.289500 ms CreateObjectMapping: 0.108700 ms MarkObjects: 2.473200 ms  DeleteObjects: 0.133700 ms)

AssetImportParameters requested are different than current active one (requested -> active):
  custom:graphics/normal-map-encoding: 01000000000000000000000000000000 -> 02000000000000000000000000000000
========================================================================
Received Import Request.
  Time since last request: 68.399016 seconds.
  path: Assets/Prefabs/Gumdrop.prefab
  artifactKey: Guid(11d1c2d2c5fac16408b2ee5c9fbe73a8) Importer(815301076,1909f56bfc062723c751e8b465ee728b)
Start importing Assets/Prefabs/Gumdrop.prefab using Guid(11d1c2d2c5fac16408b2ee5c9fbe73a8) Importer(815301076,1909f56bfc062723c751e8b465ee728b)  -> (artifact id: '7d3e8a7f6395606471b8a195b0138678') in 0.082814 seconds
  Import took 0.087780 seconds .

========================================================================
Received Prepare
Registering precompiled user dll's ...
Registered in 0.001762 seconds.
Begin MonoManager ReloadAssembly
Native extension for WindowsStandalone target not found
Refreshing native plugins compatible for Editor in 0.62 ms, found 1 plugins.
Preloading 0 native plugins for Editor in 0.00 ms.
Invoked RoslynAnalysisRunner static constructor.
RoslynAnalysisRunner will not be running.
RoslynAnalysisRunner has terminated.
Mono: successfully reloaded assembly
- Completed reload, in  1.251 seconds
Platform modules already initialized, skipping
Switching build target platform(5) subTarget(0) extendedPlatform(0) -> platform(13) subTarget(537395200) extendedPlatform(0)
Refreshing native plugins compatible for Editor in 0.38 ms, found 1 plugins.
Preloading 0 native plugins for Editor in 0.00 ms.
Unloading 1813 Unused Serialized files (Serialized files now loaded: 0)
System memory in use before: 89.1 MB.
System memory in use after: 89.1 MB.

Unloading 12 unused Assets to reduce memory usage. Loaded Objects now: 2339.
Total: 2.717600 ms (FindLiveObjects: 0.450800 ms CreateObjectMapping: 0.158400 ms MarkObjects: 1.973100 ms  DeleteObjects: 0.134000 ms)

AssetImportParameters requested are different than current active one (requested -> active):
  custom:graphics/normal-map-encoding: 01000000000000000000000000000000 -> 02000000000000000000000000000000
========================================================================
Received Prepare
Registering precompiled user dll's ...
Registered in 0.001020 seconds.
Begin MonoManager ReloadAssembly
Native extension for WindowsStandalone target not found
Refreshing native plugins compatible for Editor in 0.38 ms, found 1 plugins.
Preloading 0 native plugins for Editor in 0.00 ms.
Invoked RoslynAnalysisRunner static constructor.
RoslynAnalysisRunner will not be running.
RoslynAnalysisRunner has terminated.
Mono: successfully reloaded assembly
- Completed reload, in  1.034 seconds
Platform modules already initialized, skipping
Switching build target platform(5) subTarget(0) extendedPlatform(0) -> platform(13) subTarget(537395200) extendedPlatform(0)
Refreshing native plugins compatible for Editor in 0.40 ms, found 1 plugins.
Preloading 0 native plugins for Editor in 0.00 ms.
Unloading 1813 Unused Serialized files (Serialized files now loaded: 0)
System memory in use before: 89.1 MB.
System memory in use after: 89.1 MB.

Unloading 12 unused Assets to reduce memory usage. Loaded Objects now: 2342.
Total: 3.022300 ms (FindLiveObjects: 0.351800 ms CreateObjectMapping: 0.113000 ms MarkObjects: 2.425800 ms  DeleteObjects: 0.130600 ms)

AssetImportParameters requested are different than current active one (requested -> active):
  custom:graphics/normal-map-encoding: 01000000000000000000000000000000 -> 02000000000000000000000000000000
========================================================================
Received Prepare
Registering precompiled user dll's ...
Registered in 0.001107 seconds.
Begin MonoManager ReloadAssembly
Native extension for WindowsStandalone target not found
Refreshing native plugins compatible for Editor in 0.34 ms, found 1 plugins.
Preloading 0 native plugins for Editor in 0.00 ms.
Invoked RoslynAnalysisRunner static constructor.
RoslynAnalysisRunner will not be running.
RoslynAnalysisRunner has terminated.
Mono: successfully reloaded assembly
- Completed reload, in  0.959 seconds
Platform modules already initialized, skipping
Switching build target platform(5) subTarget(0) extendedPlatform(0) -> platform(13) subTarget(537395200) extendedPlatform(0)
Refreshing native plugins compatible for Editor in 0.42 ms, found 1 plugins.
Preloading 0 native plugins for Editor in 0.00 ms.
Unloading 1813 Unused Serialized files (Serialized files now loaded: 0)
System memory in use before: 89.1 MB.
System memory in use after: 89.1 MB.

Unloading 12 unused Assets to reduce memory usage. Loaded Objects now: 2345.
Total: 2.624300 ms (FindLiveObjects: 0.375400 ms CreateObjectMapping: 0.072000 ms MarkObjects: 2.030900 ms  DeleteObjects: 0.145200 ms)

AssetImportParameters requested are different than current active one (requested -> active):
  custom:graphics/normal-map-encoding: 01000000000000000000000000000000 -> 02000000000000000000000000000000
========================================================================
Received Prepare
Registering precompiled user dll's ...
Registered in 0.001100 seconds.
Begin MonoManager ReloadAssembly
Native extension for WindowsStandalone target not found
Refreshing native plugins compatible for Editor in 0.40 ms, found 1 plugins.
Preloading 0 native plugins for Editor in 0.00 ms.
Invoked RoslynAnalysisRunner static constructor.
RoslynAnalysisRunner will not be running.
RoslynAnalysisRunner has terminated.
Mono: successfully reloaded assembly
- Completed reload, in  1.106 seconds
Platform modules already initialized, skipping
Switching build target platform(5) subTarget(0) extendedPlatform(0) -> platform(13) subTarget(537395200) extendedPlatform(0)
Refreshing native plugins compatible for Editor in 0.39 ms, found 1 plugins.
Preloading 0 native plugins for Editor in 0.00 ms.
Unloading 1813 Unused Serialized files (Serialized files now loaded: 0)
System memory in use before: 89.1 MB.
System memory in use after: 89.1 MB.

Unloading 12 unused Assets to reduce memory usage. Loaded Objects now: 2348.
Total: 2.850600 ms (FindLiveObjects: 0.211400 ms CreateObjectMapping: 0.097900 ms MarkObjects: 2.410700 ms  DeleteObjects: 0.129200 ms)

AssetImportParameters requested are different than current active one (requested -> active):
  custom:graphics/normal-map-encoding: 01000000000000000000000000000000 -> 02000000000000000000000000000000
========================================================================
Received Prepare
Registering precompiled user dll's ...
Registered in 0.001213 seconds.
Begin MonoManager ReloadAssembly
Native extension for WindowsStandalone target not found
Refreshing native plugins compatible for Editor in 0.39 ms, found 1 plugins.
Preloading 0 native plugins for Editor in 0.00 ms.
Invoked RoslynAnalysisRunner static constructor.
RoslynAnalysisRunner will not be running.
RoslynAnalysisRunner has terminated.
Mono: successfully reloaded assembly
- Completed reload, in  1.150 seconds
Platform modules already initialized, skipping
Switching build target platform(5) subTarget(0) extendedPlatform(0) -> platform(13) subTarget(537395200) extendedPlatform(0)
Refreshing native plugins compatible for Editor in 0.40 ms, found 1 plugins.
Preloading 0 native plugins for Editor in 0.00 ms.
Unloading 1813 Unused Serialized files (Serialized files now loaded: 0)
System memory in use before: 89.1 MB.
System memory in use after: 89.1 MB.

Unloading 12 unused Assets to reduce memory usage. Loaded Objects now: 2351.
Total: 2.624100 ms (FindLiveObjects: 0.377700 ms CreateObjectMapping: 0.143400 ms MarkObjects: 1.966100 ms  DeleteObjects: 0.135400 ms)

AssetImportParameters requested are different than current active one (requested -> active):
  custom:graphics/normal-map-encoding: 01000000000000000000000000000000 -> 02000000000000000000000000000000
========================================================================
Received Prepare
Registering precompiled user dll's ...
Registered in 0.001601 seconds.
Begin MonoManager ReloadAssembly
Native extension for WindowsStandalone target not found
Refreshing native plugins compatible for Editor in 0.37 ms, found 1 plugins.
Preloading 0 native plugins for Editor in 0.00 ms.
Invoked RoslynAnalysisRunner static constructor.
RoslynAnalysisRunner will not be running.
RoslynAnalysisRunner has terminated.
Mono: successfully reloaded assembly
- Completed reload, in  1.041 seconds
Platform modules already initialized, skipping
Switching build target platform(5) subTarget(0) extendedPlatform(0) -> platform(13) subTarget(537395200) extendedPlatform(0)
Refreshing native plugins compatible for Editor in 0.40 ms, found 1 plugins.
Preloading 0 native plugins for Editor in 0.00 ms.
Unloading 1813 Unused Serialized files (Serialized files now loaded: 0)
System memory in use before: 89.1 MB.
System memory in use after: 89.1 MB.

Unloading 12 unused Assets to reduce memory usage. Loaded Objects now: 2354.
Total: 3.711300 ms (FindLiveObjects: 0.239800 ms CreateObjectMapping: 0.109800 ms MarkObjects: 3.184200 ms  DeleteObjects: 0.176100 ms)

AssetImportParameters requested are different than current active one (requested -> active):
  custom:graphics/normal-map-encoding: 01000000000000000000000000000000 -> 02000000000000000000000000000000
========================================================================
Received Prepare
Registering precompiled user dll's ...
Registered in 0.002463 seconds.
Begin MonoManager ReloadAssembly
Native extension for WindowsStandalone target not found
Refreshing native plugins compatible for Editor in 0.42 ms, found 1 plugins.
Preloading 0 native plugins for Editor in 0.00 ms.
Invoked RoslynAnalysisRunner static constructor.
RoslynAnalysisRunner will not be running.
RoslynAnalysisRunner has terminated.
Mono: successfully reloaded assembly
- Completed reload, in  1.205 seconds
Platform modules already initialized, skipping
Switching build target platform(5) subTarget(0) extendedPlatform(0) -> platform(13) subTarget(537395200) extendedPlatform(0)
Refreshing native plugins compatible for Editor in 0.36 ms, found 1 plugins.
Preloading 0 native plugins for Editor in 0.00 ms.
Unloading 1813 Unused Serialized files (Serialized files now loaded: 0)
System memory in use before: 89.1 MB.
System memory in use after: 89.1 MB.

Unloading 12 unused Assets to reduce memory usage. Loaded Objects now: 2357.
Total: 2.424100 ms (FindLiveObjects: 0.238700 ms CreateObjectMapping: 0.089000 ms MarkObjects: 1.886600 ms  DeleteObjects: 0.208500 ms)

AssetImportParameters requested are different than current active one (requested -> active):
  custom:graphics/normal-map-encoding: 01000000000000000000000000000000 -> 02000000000000000000000000000000
========================================================================
Received Import Request.
  Time since last request: 3622.647098 seconds.
  path: Assets/Prefabs/PowerUpSymbol.prefab
  artifactKey: Guid(9236fba276fbe954abacc3d205d7ea8b) Importer(815301076,1909f56bfc062723c751e8b465ee728b)
Start importing Assets/Prefabs/PowerUpSymbol.prefab using Guid(9236fba276fbe954abacc3d205d7ea8b) Importer(815301076,1909f56bfc062723c751e8b465ee728b)  -> (artifact id: '1217dc425e70906a1e3f58d545ec32be') in 0.048906 seconds
  Import took 0.054371 seconds .

========================================================================
Received Import Request.
  Time since last request: 2.304486 seconds.
  path: Assets/Prefabs/PowerUpSymbol.prefab
  artifactKey: Guid(9236fba276fbe954abacc3d205d7ea8b) Importer(815301076,1909f56bfc062723c751e8b465ee728b)
Start importing Assets/Prefabs/PowerUpSymbol.prefab using Guid(9236fba276fbe954abacc3d205d7ea8b) Importer(815301076,1909f56bfc062723c751e8b465ee728b)  -> (artifact id: '138dec6abecc1b8880dfe737f502b9a9') in 0.008424 seconds
  Import took 0.012851 seconds .

========================================================================
Received Import Request.
  Time since last request: 0.005251 seconds.
  path: Assets/Prefabs/PowerUpSymbol.prefab
  artifactKey: Guid(9236fba276fbe954abacc3d205d7ea8b) Importer(815301076,1909f56bfc062723c751e8b465ee728b)
Start importing Assets/Prefabs/PowerUpSymbol.prefab using Guid(9236fba276fbe954abacc3d205d7ea8b) Importer(815301076,1909f56bfc062723c751e8b465ee728b)  -> (artifact id: '138dec6abecc1b8880dfe737f502b9a9') in 0.007102 seconds
  Import took 0.011021 seconds .

========================================================================
Received Prepare
Registering precompiled user dll's ...
Registered in 0.001492 seconds.
Begin MonoManager ReloadAssembly
Native extension for WindowsStandalone target not found
Refreshing native plugins compatible for Editor in 0.42 ms, found 1 plugins.
Preloading 0 native plugins for Editor in 0.00 ms.
Invoked RoslynAnalysisRunner static constructor.
RoslynAnalysisRunner will not be running.
RoslynAnalysisRunner has terminated.
Mono: successfully reloaded assembly
- Completed reload, in  1.216 seconds
Platform modules already initialized, skipping
Switching build target platform(5) subTarget(0) extendedPlatform(0) -> platform(13) subTarget(537395200) extendedPlatform(0)
Refreshing native plugins compatible for Editor in 0.40 ms, found 1 plugins.
Preloading 0 native plugins for Editor in 0.00 ms.
Unloading 1813 Unused Serialized files (Serialized files now loaded: 0)
System memory in use before: 89.1 MB.
System memory in use after: 89.1 MB.

Unloading 12 unused Assets to reduce memory usage. Loaded Objects now: 2360.
Total: 2.879800 ms (FindLiveObjects: 0.377800 ms CreateObjectMapping: 0.147200 ms MarkObjects: 2.221100 ms  DeleteObjects: 0.132300 ms)

AssetImportParameters requested are different than current active one (requested -> active):
  custom:graphics/normal-map-encoding: 01000000000000000000000000000000 -> 02000000000000000000000000000000
========================================================================
Received Prepare
Registering precompiled user dll's ...
Registered in 0.001146 seconds.
Begin MonoManager ReloadAssembly
Native extension for WindowsStandalone target not found
Refreshing native plugins compatible for Editor in 0.41 ms, found 1 plugins.
Preloading 0 native plugins for Editor in 0.00 ms.
Invoked RoslynAnalysisRunner static constructor.
RoslynAnalysisRunner will not be running.
RoslynAnalysisRunner has terminated.
Mono: successfully reloaded assembly
- Completed reload, in  1.332 seconds
Platform modules already initialized, skipping
Switching build target platform(5) subTarget(0) extendedPlatform(0) -> platform(13) subTarget(537395200) extendedPlatform(0)
Refreshing native plugins compatible for Editor in 0.59 ms, found 1 plugins.
Preloading 0 native plugins for Editor in 0.00 ms.
Unloading 1813 Unused Serialized files (Serialized files now loaded: 0)
System memory in use before: 89.1 MB.
System memory in use after: 89.1 MB.

Unloading 12 unused Assets to reduce memory usage. Loaded Objects now: 2363.
Total: 3.782600 ms (FindLiveObjects: 0.309800 ms CreateObjectMapping: 0.110800 ms MarkObjects: 3.171700 ms  DeleteObjects: 0.188800 ms)

AssetImportParameters requested are different than current active one (requested -> active):
  custom:graphics/normal-map-encoding: 01000000000000000000000000000000 -> 02000000000000000000000000000000
========================================================================
Received Import Request.
  Time since last request: 13722.663985 seconds.
  path: Assets/Art/Frame 1.png
  artifactKey: Guid(5ffdef6cc7ca4c94f969580c3949e410) Importer(815301076,1909f56bfc062723c751e8b465ee728b)
Start importing Assets/Art/Frame 1.png using Guid(5ffdef6cc7ca4c94f969580c3949e410) Importer(815301076,1909f56bfc062723c751e8b465ee728b)  -> (artifact id: '57aef2f5b1ec805c96eca57c7e144b70') in 0.183890 seconds
  Import took 0.190663 seconds .

========================================================================
Received Import Request.
  Time since last request: 6.986324 seconds.
  path: Assets/Art/Frame 1.png
  artifactKey: Guid(5ffdef6cc7ca4c94f969580c3949e410) Importer(815301076,1909f56bfc062723c751e8b465ee728b)
Start importing Assets/Art/Frame 1.png using Guid(5ffdef6cc7ca4c94f969580c3949e410) Importer(815301076,1909f56bfc062723c751e8b465ee728b)  -> (artifact id: '2de533693d08eab43d51f45e0286d521') in 0.026294 seconds
  Import took 0.030808 seconds .

========================================================================
Received Prepare
Registering precompiled user dll's ...
Registered in 0.001568 seconds.
Begin MonoManager ReloadAssembly
Native extension for WindowsStandalone target not found
Refreshing native plugins compatible for Editor in 0.50 ms, found 1 plugins.
Preloading 0 native plugins for Editor in 0.00 ms.
Invoked RoslynAnalysisRunner static constructor.
RoslynAnalysisRunner will not be running.
RoslynAnalysisRunner has terminated.
Mono: successfully reloaded assembly
- Completed reload, in  1.434 seconds
Platform modules already initialized, skipping
Switching build target platform(5) subTarget(0) extendedPlatform(0) -> platform(13) subTarget(537395200) extendedPlatform(0)
Refreshing native plugins compatible for Editor in 0.39 ms, found 1 plugins.
Preloading 0 native plugins for Editor in 0.00 ms.
Unloading 1813 Unused Serialized files (Serialized files now loaded: 0)
System memory in use before: 89.2 MB.
System memory in use after: 89.1 MB.

Unloading 12 unused Assets to reduce memory usage. Loaded Objects now: 2370.
Total: 2.567100 ms (FindLiveObjects: 0.241300 ms CreateObjectMapping: 0.104100 ms MarkObjects: 2.092500 ms  DeleteObjects: 0.127700 ms)

AssetImportParameters requested are different than current active one (requested -> active):
  custom:graphics/normal-map-encoding: 01000000000000000000000000000000 -> 02000000000000000000000000000000
========================================================================
Received Import Request.
  Time since last request: 69.510106 seconds.
  path: Assets/Art/Button.png
  artifactKey: Guid(cea27a1cc6db983449c62a6b312840f3) Importer(815301076,1909f56bfc062723c751e8b465ee728b)
Start importing Assets/Art/Button.png using Guid(cea27a1cc6db983449c62a6b312840f3) Importer(815301076,1909f56bfc062723c751e8b465ee728b)  -> (artifact id: '2f6937c1bbc766797ee160505f903421') in 0.109199 seconds
  Import took 0.114747 seconds .

========================================================================
Received Import Request.
  Time since last request: 9.099573 seconds.
  path: Assets/Art/Frame.png
  artifactKey: Guid(5ffdef6cc7ca4c94f969580c3949e410) Importer(815301076,1909f56bfc062723c751e8b465ee728b)
Start importing Assets/Art/Frame.png using Guid(5ffdef6cc7ca4c94f969580c3949e410) Importer(815301076,1909f56bfc062723c751e8b465ee728b)  -> (artifact id: 'cb1bdc1c7215590e8df91589cf2cb350') in 0.020471 seconds
  Import took 0.025615 seconds .

========================================================================
Received Import Request.
  Time since last request: 0.006453 seconds.
  path: Assets/Art/Frame.png
  artifactKey: Guid(5ffdef6cc7ca4c94f969580c3949e410) Importer(815301076,1909f56bfc062723c751e8b465ee728b)
Start importing Assets/Art/Frame.png using Guid(5ffdef6cc7ca4c94f969580c3949e410) Importer(815301076,1909f56bfc062723c751e8b465ee728b)  -> (artifact id: 'cb1bdc1c7215590e8df91589cf2cb350') in 0.016010 seconds
  Import took 0.020783 seconds .

========================================================================
Received Import Request.
  Time since last request: 4.718700 seconds.
  path: Assets/Art/Button.png
  artifactKey: Guid(cea27a1cc6db983449c62a6b312840f3) Importer(815301076,1909f56bfc062723c751e8b465ee728b)
Start importing Assets/Art/Button.png using Guid(cea27a1cc6db983449c62a6b312840f3) Importer(815301076,1909f56bfc062723c751e8b465ee728b)  -> (artifact id: '98e4d4cc51c49ade8b7aadffe9130d4e') in 0.026602 seconds
  Import took 0.032457 seconds .

========================================================================
Received Import Request.
  Time since last request: 0.009996 seconds.
  path: Assets/Art/Button.png
  artifactKey: Guid(cea27a1cc6db983449c62a6b312840f3) Importer(815301076,1909f56bfc062723c751e8b465ee728b)
Start importing Assets/Art/Button.png using Guid(cea27a1cc6db983449c62a6b312840f3) Importer(815301076,1909f56bfc062723c751e8b465ee728b)  -> (artifact id: '98e4d4cc51c49ade8b7aadffe9130d4e') in 0.030325 seconds
  Import took 0.035592 seconds .

========================================================================
Received Prepare
Registering precompiled user dll's ...
Registered in 0.001891 seconds.
Begin MonoManager ReloadAssembly
Native extension for WindowsStandalone target not found
Refreshing native plugins compatible for Editor in 0.47 ms, found 1 plugins.
Preloading 0 native plugins for Editor in 0.00 ms.
Invoked RoslynAnalysisRunner static constructor.
RoslynAnalysisRunner will not be running.
RoslynAnalysisRunner has terminated.
Mono: successfully reloaded assembly
- Completed reload, in  1.845 seconds
Platform modules already initialized, skipping
Switching build target platform(5) subTarget(0) extendedPlatform(0) -> platform(13) subTarget(537395200) extendedPlatform(0)
Refreshing native plugins compatible for Editor in 0.78 ms, found 1 plugins.
Preloading 0 native plugins for Editor in 0.00 ms.
Unloading 1813 Unused Serialized files (Serialized files now loaded: 0)
System memory in use before: 89.2 MB.
System memory in use after: 89.2 MB.

Unloading 12 unused Assets to reduce memory usage. Loaded Objects now: 2376.
Total: 2.761000 ms (FindLiveObjects: 0.322900 ms CreateObjectMapping: 0.113800 ms MarkObjects: 2.160900 ms  DeleteObjects: 0.162100 ms)

AssetImportParameters requested are different than current active one (requested -> active):
  custom:graphics/normal-map-encoding: 01000000000000000000000000000000 -> 02000000000000000000000000000000
========================================================================
Received Import Request.
  Time since last request: 1115.566557 seconds.
  path: Assets/Art/Border.png
  artifactKey: Guid(e4fbc50ea32e5d24c970584286da4162) Importer(815301076,1909f56bfc062723c751e8b465ee728b)
Start importing Assets/Art/Border.png using Guid(e4fbc50ea32e5d24c970584286da4162) Importer(815301076,1909f56bfc062723c751e8b465ee728b)  -> (artifact id: 'ba5dbada0619ce67e1da51e85f4d6fa5') in 0.143378 seconds
  Import took 0.171135 seconds .

========================================================================
Received Import Request.
  Time since last request: 7.379876 seconds.
  path: Assets/Art/Border.png
  artifactKey: Guid(e4fbc50ea32e5d24c970584286da4162) Importer(815301076,1909f56bfc062723c751e8b465ee728b)
Start importing Assets/Art/Border.png using Guid(e4fbc50ea32e5d24c970584286da4162) Importer(815301076,1909f56bfc062723c751e8b465ee728b)  -> (artifact id: '6d1674404e3f203337f3a07fc7eb9658') in 0.036140 seconds
  Import took 0.040424 seconds .

========================================================================
Received Import Request.
  Time since last request: 133.341357 seconds.
  path: Assets/Art/Border.png
  artifactKey: Guid(e4fbc50ea32e5d24c970584286da4162) Importer(815301076,1909f56bfc062723c751e8b465ee728b)
Start importing Assets/Art/Border.png using Guid(e4fbc50ea32e5d24c970584286da4162) Importer(815301076,1909f56bfc062723c751e8b465ee728b)  -> (artifact id: '8e9e1319c659409c38d4bd9116fa43b4') in 0.039076 seconds
  Import took 0.044574 seconds .

========================================================================
Received Import Request.
  Time since last request: 7.903453 seconds.
  path: Assets/Art/Border.png
  artifactKey: Guid(e4fbc50ea32e5d24c970584286da4162) Importer(815301076,1909f56bfc062723c751e8b465ee728b)
Start importing Assets/Art/Border.png using Guid(e4fbc50ea32e5d24c970584286da4162) Importer(815301076,1909f56bfc062723c751e8b465ee728b)  -> (artifact id: 'c07b3a715b52ceb676d7a398132abdbc') in 0.022287 seconds
  Import took 0.026250 seconds .

========================================================================
Received Import Request.
  Time since last request: 0.000586 seconds.
  path: Assets/Art/Border.png
  artifactKey: Guid(e4fbc50ea32e5d24c970584286da4162) Importer(815301076,1909f56bfc062723c751e8b465ee728b)
Start importing Assets/Art/Border.png using Guid(e4fbc50ea32e5d24c970584286da4162) Importer(815301076,1909f56bfc062723c751e8b465ee728b)  -> (artifact id: 'c07b3a715b52ceb676d7a398132abdbc') in 0.027913 seconds
  Import took 0.033031 seconds .

========================================================================
Received Prepare
Registering precompiled user dll's ...
Registered in 0.001411 seconds.
Begin MonoManager ReloadAssembly
Native extension for WindowsStandalone target not found
Refreshing native plugins compatible for Editor in 1.49 ms, found 1 plugins.
Preloading 0 native plugins for Editor in 0.00 ms.
Invoked RoslynAnalysisRunner static constructor.
RoslynAnalysisRunner will not be running.
RoslynAnalysisRunner has terminated.
Mono: successfully reloaded assembly
- Completed reload, in  3.715 seconds
Platform modules already initialized, skipping
Switching build target platform(5) subTarget(0) extendedPlatform(0) -> platform(13) subTarget(537395200) extendedPlatform(0)
Refreshing native plugins compatible for Editor in 0.55 ms, found 1 plugins.
Preloading 0 native plugins for Editor in 0.00 ms.
Unloading 1813 Unused Serialized files (Serialized files now loaded: 0)
System memory in use before: 89.2 MB.
System memory in use after: 89.2 MB.

Unloading 12 unused Assets to reduce memory usage. Loaded Objects now: 2384.
Total: 2.958700 ms (FindLiveObjects: 0.553400 ms CreateObjectMapping: 0.182400 ms MarkObjects: 2.089500 ms  DeleteObjects: 0.131400 ms)

AssetImportParameters requested are different than current active one (requested -> active):
  custom:graphics/normal-map-encoding: 01000000000000000000000000000000 -> 02000000000000000000000000000000
========================================================================
Received Import Request.
  Time since last request: 3524.131690 seconds.
  path: Assets/Art/Slow_Power.png
  artifactKey: Guid(cacc4721756499948bb5d35d5e8c8e1e) Importer(815301076,1909f56bfc062723c751e8b465ee728b)
Start importing Assets/Art/Slow_Power.png using Guid(cacc4721756499948bb5d35d5e8c8e1e) Importer(815301076,1909f56bfc062723c751e8b465ee728b)  -> (artifact id: '46baa240e3ccd2c10fa735cccee3950b') in 0.163300 seconds
  Import took 0.192910 seconds .

========================================================================
Received Import Request.
  Time since last request: 7.141995 seconds.
  path: Assets/Art/Slow_Power.png
  artifactKey: Guid(cacc4721756499948bb5d35d5e8c8e1e) Importer(815301076,1909f56bfc062723c751e8b465ee728b)
Start importing Assets/Art/Slow_Power.png using Guid(cacc4721756499948bb5d35d5e8c8e1e) Importer(815301076,1909f56bfc062723c751e8b465ee728b)  -> (artifact id: '92266627678810f1e895e386ac326e7e') in 0.030393 seconds
  Import took 0.035169 seconds .

========================================================================
Received Import Request.
  Time since last request: 24.946585 seconds.
  path: Assets/Prefabs/PowerUp.prefab
  artifactKey: Guid(71bc94d7b3930404e8a17db1d64092c3) Importer(815301076,1909f56bfc062723c751e8b465ee728b)
Start importing Assets/Prefabs/PowerUp.prefab using Guid(71bc94d7b3930404e8a17db1d64092c3) Importer(815301076,1909f56bfc062723c751e8b465ee728b)  -> (artifact id: '305114154484dd91aabd1c4826d06384') in 0.021083 seconds
  Import took 0.025722 seconds .

========================================================================
Received Import Request.
  Time since last request: 0.008446 seconds.
  path: Assets/Prefabs/PowerUp.prefab
  artifactKey: Guid(71bc94d7b3930404e8a17db1d64092c3) Importer(815301076,1909f56bfc062723c751e8b465ee728b)
Start importing Assets/Prefabs/PowerUp.prefab using Guid(71bc94d7b3930404e8a17db1d64092c3) Importer(815301076,1909f56bfc062723c751e8b465ee728b)  -> (artifact id: '305114154484dd91aabd1c4826d06384') in 0.008500 seconds
  Import took 0.013818 seconds .

========================================================================
Received Import Request.
  Time since last request: 13.191176 seconds.
  path: Assets/Prefabs/PowerUp.prefab
  artifactKey: Guid(71bc94d7b3930404e8a17db1d64092c3) Importer(815301076,1909f56bfc062723c751e8b465ee728b)
Start importing Assets/Prefabs/PowerUp.prefab using Guid(71bc94d7b3930404e8a17db1d64092c3) Importer(815301076,1909f56bfc062723c751e8b465ee728b)  -> (artifact id: 'bb3918cb0efbe677e8f7c3c743096496') in 0.007880 seconds
  Import took 0.011935 seconds .

========================================================================
Received Import Request.
  Time since last request: 0.004494 seconds.
  path: Assets/Prefabs/PowerUp.prefab
  artifactKey: Guid(71bc94d7b3930404e8a17db1d64092c3) Importer(815301076,1909f56bfc062723c751e8b465ee728b)
Start importing Assets/Prefabs/PowerUp.prefab using Guid(71bc94d7b3930404e8a17db1d64092c3) Importer(815301076,1909f56bfc062723c751e8b465ee728b)  -> (artifact id: 'bb3918cb0efbe677e8f7c3c743096496') in 0.007488 seconds
  Import took 0.011186 seconds .

========================================================================
Received Import Request.
  Time since last request: 128.300656 seconds.
  path: Assets/Prefabs/PowerUp.prefab
  artifactKey: Guid(71bc94d7b3930404e8a17db1d64092c3) Importer(815301076,1909f56bfc062723c751e8b465ee728b)
Start importing Assets/Prefabs/PowerUp.prefab using Guid(71bc94d7b3930404e8a17db1d64092c3) Importer(815301076,1909f56bfc062723c751e8b465ee728b)  -> (artifact id: '29b1f6117ba3347d79a053d5c6801eab') in 0.008590 seconds
  Import took 0.014158 seconds .

========================================================================
Received Prepare
Registering precompiled user dll's ...
Registered in 0.002550 seconds.
Begin MonoManager ReloadAssembly
Native extension for WindowsStandalone target not found
Refreshing native plugins compatible for Editor in 0.57 ms, found 1 plugins.
Preloading 0 native plugins for Editor in 0.00 ms.
Invoked RoslynAnalysisRunner static constructor.
RoslynAnalysisRunner will not be running.
RoslynAnalysisRunner has terminated.
Mono: successfully reloaded assembly
- Completed reload, in  1.865 seconds
Platform modules already initialized, skipping
Switching build target platform(5) subTarget(0) extendedPlatform(0) -> platform(13) subTarget(537395200) extendedPlatform(0)
Refreshing native plugins compatible for Editor in 0.42 ms, found 1 plugins.
Preloading 0 native plugins for Editor in 0.00 ms.
Unloading 1813 Unused Serialized files (Serialized files now loaded: 0)
System memory in use before: 89.2 MB.
System memory in use after: 89.2 MB.

Unloading 12 unused Assets to reduce memory usage. Loaded Objects now: 2390.
Total: 2.550000 ms (FindLiveObjects: 0.269900 ms CreateObjectMapping: 0.160100 ms MarkObjects: 1.950100 ms  DeleteObjects: 0.168300 ms)

AssetImportParameters requested are different than current active one (requested -> active):
  custom:graphics/normal-map-encoding: 01000000000000000000000000000000 -> 02000000000000000000000000000000
========================================================================
Received Import Request.
  Time since last request: 206.043463 seconds.
  path: Assets/Art/Slow_Power 1.png
  artifactKey: Guid(0571b91e232c3984292c83c692e75f93) Importer(815301076,1909f56bfc062723c751e8b465ee728b)
Start importing Assets/Art/Slow_Power 1.png using Guid(0571b91e232c3984292c83c692e75f93) Importer(815301076,1909f56bfc062723c751e8b465ee728b)  -> (artifact id: '2e505160809481ffaefb1139efe45cd2') in 0.122567 seconds
  Import took 0.127366 seconds .

========================================================================
Received Import Request.
  Time since last request: 6.252773 seconds.
  path: Assets/Art/Slow_Power 1.png
  artifactKey: Guid(0571b91e232c3984292c83c692e75f93) Importer(815301076,1909f56bfc062723c751e8b465ee728b)
Start importing Assets/Art/Slow_Power 1.png using Guid(0571b91e232c3984292c83c692e75f93) Importer(815301076,1909f56bfc062723c751e8b465ee728b)  -> (artifact id: 'a774f37d0f83184cc6c5ebadcd9709c8') in 0.030429 seconds
  Import took 0.036098 seconds .

========================================================================
Received Import Request.
  Time since last request: 49.339189 seconds.
  path: Assets/Art/Slow_Power.png
  artifactKey: Guid(cacc4721756499948bb5d35d5e8c8e1e) Importer(815301076,1909f56bfc062723c751e8b465ee728b)
Start importing Assets/Art/Slow_Power.png using Guid(cacc4721756499948bb5d35d5e8c8e1e) Importer(815301076,1909f56bfc062723c751e8b465ee728b)  -> (artifact id: '5432f69d47b45649c38643b91c42f70a') in 0.035218 seconds
  Import took 0.040319 seconds .

========================================================================
Received Import Request.
  Time since last request: 5.318665 seconds.
  path: Assets/Art/Slow_Power.png
  artifactKey: Guid(cacc4721756499948bb5d35d5e8c8e1e) Importer(815301076,1909f56bfc062723c751e8b465ee728b)
Start importing Assets/Art/Slow_Power.png using Guid(cacc4721756499948bb5d35d5e8c8e1e) Importer(815301076,1909f56bfc062723c751e8b465ee728b)  -> (artifact id: '30e9d3009146a3d417f07f544f73b56e') in 0.028649 seconds
  Import took 0.033258 seconds .

========================================================================
Received Import Request.
  Time since last request: 59.563383 seconds.
  path: Assets/Art/Slow_Power.png
  artifactKey: Guid(cacc4721756499948bb5d35d5e8c8e1e) Importer(815301076,1909f56bfc062723c751e8b465ee728b)
Start importing Assets/Art/Slow_Power.png using Guid(cacc4721756499948bb5d35d5e8c8e1e) Importer(815301076,1909f56bfc062723c751e8b465ee728b)  -> (artifact id: '47496942852074731adb59ee07438ce1') in 0.029821 seconds
  Import took 0.033560 seconds .

========================================================================
Received Import Request.
  Time since last request: 6.182913 seconds.
  path: Assets/Art/Slow_Power.png
  artifactKey: Guid(cacc4721756499948bb5d35d5e8c8e1e) Importer(815301076,1909f56bfc062723c751e8b465ee728b)
Start importing Assets/Art/Slow_Power.png using Guid(cacc4721756499948bb5d35d5e8c8e1e) Importer(815301076,1909f56bfc062723c751e8b465ee728b)  -> (artifact id: '099f637d23df46ce32a62c51ece80a16') in 0.029865 seconds
  Import took 0.034274 seconds .

========================================================================
Received Import Request.
  Time since last request: 26.132233 seconds.
  path: Assets/Art/Slow_Power.png
  artifactKey: Guid(cacc4721756499948bb5d35d5e8c8e1e) Importer(815301076,1909f56bfc062723c751e8b465ee728b)
Start importing Assets/Art/Slow_Power.png using Guid(cacc4721756499948bb5d35d5e8c8e1e) Importer(815301076,1909f56bfc062723c751e8b465ee728b)  -> (artifact id: 'b281ebfa10c125c5e483b1d616d6fe5e') in 0.027987 seconds
  Import took 0.033093 seconds .

========================================================================
Received Import Request.
  Time since last request: 2.400226 seconds.
  path: Assets/Art/Slow_Power.png
  artifactKey: Guid(cacc4721756499948bb5d35d5e8c8e1e) Importer(815301076,1909f56bfc062723c751e8b465ee728b)
Start importing Assets/Art/Slow_Power.png using Guid(cacc4721756499948bb5d35d5e8c8e1e) Importer(815301076,1909f56bfc062723c751e8b465ee728b)  -> (artifact id: 'f81c8fef6ad4705c9502250b82dd7322') in 0.031458 seconds
  Import took 0.037463 seconds .

========================================================================
Received Import Request.
  Time since last request: 2.700951 seconds.
  path: Assets/Art/Slow_Power.png
  artifactKey: Guid(cacc4721756499948bb5d35d5e8c8e1e) Importer(815301076,1909f56bfc062723c751e8b465ee728b)
Start importing Assets/Art/Slow_Power.png using Guid(cacc4721756499948bb5d35d5e8c8e1e) Importer(815301076,1909f56bfc062723c751e8b465ee728b)  -> (artifact id: '143477a884100e1d69797a715aed8c2a') in 0.026199 seconds
  Import took 0.031308 seconds .

========================================================================
Received Import Request.
  Time since last request: 2.640574 seconds.
  path: Assets/Art/Slow_Power.png
  artifactKey: Guid(cacc4721756499948bb5d35d5e8c8e1e) Importer(815301076,1909f56bfc062723c751e8b465ee728b)
Start importing Assets/Art/Slow_Power.png using Guid(cacc4721756499948bb5d35d5e8c8e1e) Importer(815301076,1909f56bfc062723c751e8b465ee728b)  -> (artifact id: '3ffb2b7d187345ba55a9b25fa90bfc70') in 0.027977 seconds
  Import took 0.031897 seconds .

========================================================================
Received Prepare
Registering precompiled user dll's ...
Registered in 0.002838 seconds.
Begin MonoManager ReloadAssembly
Native extension for WindowsStandalone target not found
Refreshing native plugins compatible for Editor in 0.43 ms, found 1 plugins.
Preloading 0 native plugins for Editor in 0.00 ms.
Invoked RoslynAnalysisRunner static constructor.
RoslynAnalysisRunner will not be running.
RoslynAnalysisRunner has terminated.
Mono: successfully reloaded assembly
- Completed reload, in  1.627 seconds
Platform modules already initialized, skipping
Switching build target platform(5) subTarget(0) extendedPlatform(0) -> platform(13) subTarget(537395200) extendedPlatform(0)
Refreshing native plugins compatible for Editor in 0.50 ms, found 1 plugins.
Preloading 0 native plugins for Editor in 0.00 ms.
Unloading 1813 Unused Serialized files (Serialized files now loaded: 0)
System memory in use before: 89.2 MB.
System memory in use after: 89.2 MB.

Unloading 12 unused Assets to reduce memory usage. Loaded Objects now: 2394.
Total: 3.354700 ms (FindLiveObjects: 0.291800 ms CreateObjectMapping: 0.123000 ms MarkObjects: 2.767700 ms  DeleteObjects: 0.170900 ms)

AssetImportParameters requested are different than current active one (requested -> active):
  custom:graphics/normal-map-encoding: 01000000000000000000000000000000 -> 02000000000000000000000000000000
========================================================================
Received Import Request.
  Time since last request: 6239.423821 seconds.
  path: Assets/Art/DoublePoints_Power.png
  artifactKey: Guid(236d518cc3e07bf40b73f5c91729e318) Importer(815301076,1909f56bfc062723c751e8b465ee728b)
Start importing Assets/Art/DoublePoints_Power.png using Guid(236d518cc3e07bf40b73f5c91729e318) Importer(815301076,1909f56bfc062723c751e8b465ee728b)  -> (artifact id: '288b12ba41af34f1145a380da0a8eeda') in 0.208963 seconds
  Import took 0.230633 seconds .

========================================================================
Received Import Request.
  Time since last request: 4.431946 seconds.
  path: Assets/Art/DoublePoints_Power.png
  artifactKey: Guid(236d518cc3e07bf40b73f5c91729e318) Importer(815301076,1909f56bfc062723c751e8b465ee728b)
Start importing Assets/Art/DoublePoints_Power.png using Guid(236d518cc3e07bf40b73f5c91729e318) Importer(815301076,1909f56bfc062723c751e8b465ee728b)  -> (artifact id: '9269e460d3d5a48aa24bf70d3531af6f') in 0.024575 seconds
  Import took 0.028747 seconds .

========================================================================
Received Import Request.
  Time since last request: 1.844257 seconds.
  path: Assets/Art/DoublePoints_Power.png
  artifactKey: Guid(236d518cc3e07bf40b73f5c91729e318) Importer(815301076,1909f56bfc062723c751e8b465ee728b)
Start importing Assets/Art/DoublePoints_Power.png using Guid(236d518cc3e07bf40b73f5c91729e318) Importer(815301076,1909f56bfc062723c751e8b465ee728b)  -> (artifact id: '617a8a4103f06dbb3a06b2e8e73fedd5') in 0.027281 seconds
  Import took 0.031733 seconds .

========================================================================
Received Import Request.
  Time since last request: 9.425414 seconds.
  path: Assets/Prefabs/PowerUp.prefab
  artifactKey: Guid(71bc94d7b3930404e8a17db1d64092c3) Importer(815301076,1909f56bfc062723c751e8b465ee728b)
Start importing Assets/Prefabs/PowerUp.prefab using Guid(71bc94d7b3930404e8a17db1d64092c3) Importer(815301076,1909f56bfc062723c751e8b465ee728b)  -> (artifact id: '665c3a392240ebca36bd3b3eb322bc73') in 0.013302 seconds
  Import took 0.016930 seconds .

========================================================================
Received Import Request.
  Time since last request: 5.286515 seconds.
  path: Assets/Prefabs/PowerUp.prefab
  artifactKey: Guid(71bc94d7b3930404e8a17db1d64092c3) Importer(815301076,1909f56bfc062723c751e8b465ee728b)
Start importing Assets/Prefabs/PowerUp.prefab using Guid(71bc94d7b3930404e8a17db1d64092c3) Importer(815301076,1909f56bfc062723c751e8b465ee728b)  -> (artifact id: '3f08c3e77c72bc97a9a179fba0552700') in 0.009386 seconds
  Import took 0.013730 seconds .

========================================================================
Received Prepare
Registering precompiled user dll's ...
Registered in 0.001317 seconds.
Begin MonoManager ReloadAssembly
Native extension for WindowsStandalone target not found
Refreshing native plugins compatible for Editor in 0.41 ms, found 1 plugins.
Preloading 0 native plugins for Editor in 0.00 ms.
Invoked RoslynAnalysisRunner static constructor.
RoslynAnalysisRunner will not be running.
RoslynAnalysisRunner has terminated.
Mono: successfully reloaded assembly
- Completed reload, in  1.369 seconds
Platform modules already initialized, skipping
Switching build target platform(5) subTarget(0) extendedPlatform(0) -> platform(13) subTarget(537395200) extendedPlatform(0)
Refreshing native plugins compatible for Editor in 0.42 ms, found 1 plugins.
Preloading 0 native plugins for Editor in 0.00 ms.
Unloading 1813 Unused Serialized files (Serialized files now loaded: 0)
System memory in use before: 89.2 MB.
System memory in use after: 89.2 MB.

Unloading 12 unused Assets to reduce memory usage. Loaded Objects now: 2399.
Total: 2.619800 ms (FindLiveObjects: 0.240100 ms CreateObjectMapping: 0.125900 ms MarkObjects: 2.117700 ms  DeleteObjects: 0.134700 ms)

AssetImportParameters requested are different than current active one (requested -> active):
  custom:graphics/normal-map-encoding: 01000000000000000000000000000000 -> 02000000000000000000000000000000
========================================================================
Received Import Request.
  Time since last request: 160.246537 seconds.
  path: Assets/Art/DoublePoints_Power.png
  artifactKey: Guid(236d518cc3e07bf40b73f5c91729e318) Importer(815301076,1909f56bfc062723c751e8b465ee728b)
Start importing Assets/Art/DoublePoints_Power.png using Guid(236d518cc3e07bf40b73f5c91729e318) Importer(815301076,1909f56bfc062723c751e8b465ee728b)  -> (artifact id: '74d4c26052009cd7b64b0bacc715ba1b') in 0.069878 seconds
  Import took 0.073551 seconds .

========================================================================
Received Import Request.
  Time since last request: 0.402675 seconds.
  path: Assets/Art/DoublePoints_Power.png
  artifactKey: Guid(236d518cc3e07bf40b73f5c91729e318) Importer(815301076,1909f56bfc062723c751e8b465ee728b)
Start importing Assets/Art/DoublePoints_Power.png using Guid(236d518cc3e07bf40b73f5c91729e318) Importer(815301076,1909f56bfc062723c751e8b465ee728b)  -> (artifact id: 'd7f1722eed24cf5ffa1b2b14b1647d05') in 0.022437 seconds
  Import took 0.026566 seconds .

========================================================================
Received Import Request.
  Time since last request: 2.477149 seconds.
  path: Assets/Art/DoublePoints_Power.png
  artifactKey: Guid(236d518cc3e07bf40b73f5c91729e318) Importer(815301076,1909f56bfc062723c751e8b465ee728b)
Start importing Assets/Art/DoublePoints_Power.png using Guid(236d518cc3e07bf40b73f5c91729e318) Importer(815301076,1909f56bfc062723c751e8b465ee728b)  -> (artifact id: 'b07db6bf18ab66642ae8f131b0c8212f') in 0.030191 seconds
  Import took 0.034928 seconds .

AssetImportWorkerClient::OnTransportError - code=2 error=End of file
